<?xml version="1.0" encoding="UTF-8"?>
<robot generator="Robot 7.0 (Python 3.12.2 on win32)" generated="2024-05-28T21:41:44.984516" rpa="false" schemaversion="5">
<suite id="s1" name="TestCases" source="C:\Cyclos_project\PilotProject_Cyclos_Team1-3\TestCases">
<suite id="s1-s1" name="test blankAmount" source="C:\Cyclos_project\PilotProject_Cyclos_Team1-3\TestCases\test_blankAmount.robot">
<test id="s1-s1-t1" name="To validate payment" line="16">
<kw name="Open the Browser with URL" owner="GenericResource" type="SETUP">
<kw name="Create Webdriver" owner="SeleniumLibrary">
<msg time="2024-05-28T21:41:46.658900" level="INFO">Creating an instance of the Chrome WebDriver.</msg>
<arg>${brower_name}</arg>
<doc>Creates an instance of Selenium WebDriver.</doc>
<status status="PASS" start="2024-05-28T21:41:46.658900" elapsed="4.031248"/>
</kw>
<kw name="Go To" owner="SeleniumLibrary">
<msg time="2024-05-28T21:41:50.698177" level="INFO">Opening url 'https://demo.cyclos.org/ui/home'</msg>
<arg>${url}</arg>
<doc>Navigates the current browser window to the provided ``url``.</doc>
<status status="PASS" start="2024-05-28T21:41:50.698177" elapsed="4.089867"/>
</kw>
<kw name="Maximize Browser Window" owner="SeleniumLibrary">
<doc>Maximizes current browser window.</doc>
<status status="PASS" start="2024-05-28T21:41:54.788560" elapsed="0.102283"/>
</kw>
<kw name="Set Selenium Implicit Wait" owner="SeleniumLibrary">
<arg>5</arg>
<doc>Sets the implicit wait value used by Selenium.</doc>
<status status="PASS" start="2024-05-28T21:41:54.891969" elapsed="0.003348"/>
</kw>
<status status="PASS" start="2024-05-28T21:41:46.658900" elapsed="8.236417"/>
</kw>
<kw name="To validate payment to user functionality with amount field is given blank">
<kw name="Go to Login Page" owner="HomeResource">
<kw name="Sleep" owner="BuiltIn">
<msg time="2024-05-28T21:41:59.901462" level="INFO">Slept 5 seconds.</msg>
<arg>5s</arg>
<doc>Pauses the test executed for the given time.</doc>
<status status="PASS" start="2024-05-28T21:41:54.899675" elapsed="5.001787"/>
</kw>
<kw name="Click Element" owner="SeleniumLibrary">
<msg time="2024-05-28T21:41:59.905292" level="INFO">Clicking element 'xpath:(//div[@class="ml-2"])[3]'.</msg>
<arg>${login_btn}</arg>
<doc>Click the element identified by ``locator``.</doc>
<status status="PASS" start="2024-05-28T21:41:59.904267" elapsed="0.335161"/>
</kw>
<status status="PASS" start="2024-05-28T21:41:54.899026" elapsed="5.340402"/>
</kw>
<kw name="Fill the login form" owner="LoginResource">
<kw name="Input Text" owner="SeleniumLibrary">
<msg time="2024-05-28T21:42:00.246494" level="INFO">Typing text 'Sanjay_stark' into text field 'css:input[placeholder="User"]'.</msg>
<arg>${username}</arg>
<arg>${user}</arg>
<doc>Types the given ``text`` into the text field identified by ``locator``.</doc>
<status status="PASS" start="2024-05-28T21:42:00.245447" elapsed="0.528770"/>
</kw>
<kw name="Input Password" owner="SeleniumLibrary">
<msg time="2024-05-28T21:42:00.774217" level="INFO">Typing password into text field 'css:input[placeholder="Password"]'.</msg>
<msg time="2024-05-28T21:42:00.926495" level="INFO">Temporally setting log level to: NONE</msg>
<arg>${password}</arg>
<arg>${pass}</arg>
<doc>Types the given password into the text field identified by ``locator``.</doc>
<status status="PASS" start="2024-05-28T21:42:00.774217" elapsed="0.319289"/>
</kw>
<arg>Sanjay_stark</arg>
<arg>Sanjay</arg>
<status status="PASS" start="2024-05-28T21:42:00.239428" elapsed="0.854078"/>
</kw>
<kw name="click the login button" owner="LoginResource">
<kw name="Click Button" owner="SeleniumLibrary">
<msg time="2024-05-28T21:42:01.094518" level="INFO">Clicking button 'xpath://button[@class="btn d-flex justify-content-center align-items-center w-100 h-100 btn-primary btn-action-primary"]'.</msg>
<arg>${submit_btn}</arg>
<doc>Clicks the button identified by ``locator``.</doc>
<status status="PASS" start="2024-05-28T21:42:01.094518" elapsed="0.180118"/>
</kw>
<status status="PASS" start="2024-05-28T21:42:01.093506" elapsed="0.181130"/>
</kw>
<kw name="Click on the Banking button" owner="HomeResource">
<kw name="Wait Until Element Is Visible" owner="SeleniumLibrary">
<arg>${Banking}</arg>
<doc>Waits until the element ``locator`` is visible.</doc>
<status status="PASS" start="2024-05-28T21:42:01.279176" elapsed="2.681914"/>
</kw>
<kw name="Click Element" owner="SeleniumLibrary">
<msg time="2024-05-28T21:42:03.961618" level="INFO">Clicking element 'xpath://div[text()='Banking']'.</msg>
<arg>${Banking}</arg>
<doc>Click the element identified by ``locator``.</doc>
<status status="PASS" start="2024-05-28T21:42:03.961090" elapsed="0.089481"/>
</kw>
<status status="PASS" start="2024-05-28T21:42:01.279176" elapsed="2.771395"/>
</kw>
<kw name="verify the Banking page open" owner="PaymentUser">
<kw name="Wait Until Element Is Visible" owner="SeleniumLibrary">
<msg time="2024-05-28T21:42:09.437848" level="INFO" html="true">&lt;/td&gt;&lt;/tr&gt;&lt;tr&gt;&lt;td colspan="3"&gt;&lt;a href="selenium-screenshot-1.png"&gt;&lt;img src="selenium-screenshot-1.png" width="800px"&gt;&lt;/a&gt;</msg>
<msg time="2024-05-28T21:42:09.437848" level="FAIL">Element 'xpath://div[@class="side-menu-header"]//following-sibling::div' not visible after 5 seconds.</msg>
<arg>${Banking_title}</arg>
<doc>Waits until the element ``locator`` is visible.</doc>
<status status="FAIL" start="2024-05-28T21:42:04.053586" elapsed="5.384262">Element 'xpath://div[@class="side-menu-header"]//following-sibling::div' not visible after 5 seconds.</status>
</kw>
<kw name="Element Text Should Be" owner="SeleniumLibrary">
<arg>${Banking_title}</arg>
<arg>Banking</arg>
<doc>Verifies that element ``locator`` contains exact the text ``expected``.</doc>
<status status="NOT RUN" start="2024-05-28T21:42:09.437848" elapsed="0.000000"/>
</kw>
<status status="FAIL" start="2024-05-28T21:42:04.050571" elapsed="5.387277">Element 'xpath://div[@class="side-menu-header"]//following-sibling::div' not visible after 5 seconds.</status>
</kw>
<kw name="Select the option payment to user" owner="PaymentUser">
<status status="NOT RUN" start="2024-05-28T21:42:09.437848" elapsed="0.006546"/>
</kw>
<kw name="verify the payment to user page open" owner="PaymentUser">
<status status="NOT RUN" start="2024-05-28T21:42:09.444394" elapsed="0.000000"/>
</kw>
<kw name="Enter the username in the to user field" owner="PaymentUser">
<arg>${user_name}</arg>
<status status="NOT RUN" start="2024-05-28T21:42:09.444394" elapsed="0.000000"/>
</kw>
<kw name="Select the user" owner="PaymentUser">
<status status="NOT RUN" start="2024-05-28T21:42:09.446844" elapsed="0.000000"/>
</kw>
<kw name="Click the next Button in payment page" owner="PaymentUser">
<status status="NOT RUN" start="2024-05-28T21:42:09.446844" elapsed="0.000000"/>
</kw>
<kw name="verify the error message for amount field is given blank" owner="PaymentUser">
<status status="NOT RUN" start="2024-05-28T21:42:09.446844" elapsed="0.000000"/>
</kw>
<arg>user_name=Dinesh_dk</arg>
<tag>Retest</tag>
<status status="FAIL" start="2024-05-28T21:41:54.896582" elapsed="14.550262">Element 'xpath://div[@class="side-menu-header"]//following-sibling::div' not visible after 5 seconds.</status>
</kw>
<kw name="Close Browser Session" owner="GenericResource" type="TEARDOWN">
<kw name="Close Browser" owner="SeleniumLibrary">
<doc>Closes the current browser.</doc>
<status status="PASS" start="2024-05-28T21:42:09.454866" elapsed="2.242230"/>
</kw>
<status status="PASS" start="2024-05-28T21:42:09.446844" elapsed="2.250252"/>
</kw>
<status status="FAIL" start="2024-05-28T21:41:46.643247" elapsed="25.053849">Element 'xpath://div[@class="side-menu-header"]//following-sibling::div' not visible after 5 seconds.</status>
</test>
<doc>To validate Banking - payment to user Functionality</doc>
<status status="FAIL" start="2024-05-28T21:41:45.035435" elapsed="26.662943"/>
</suite>
<status status="FAIL" start="2024-05-28T21:41:44.999704" elapsed="26.698674"/>
</suite>
<statistics>
<total>
<stat pass="0" fail="1" skip="0">All Tests</stat>
</total>
<tag>
</tag>
<suite>
<stat pass="0" fail="1" skip="0" id="s1" name="TestCases">TestCases</stat>
<stat pass="0" fail="1" skip="0" id="s1-s1" name="test blankAmount">TestCases.test blankAmount</stat>
</suite>
</statistics>
<errors>
</errors>
</robot>
