<?xml version="1.0" encoding="UTF-8"?>
<robot generator="Robot 7.0 (Python 3.12.2 on win32)" generated="2024-05-27T09:33:39.465182" rpa="false" schemaversion="5">
<suite id="s1" name="Test Advertisement" source="C:\Cyclos_project\PilotProject_Cyclos_Team1-2\TestCases\test_advertisement.robot">
<test id="s1-t1" name="verify that the valid keyword is entered in the keyword field" line="14">
<kw name="Open the Browser with URL" owner="GenericResource" type="SETUP">
<kw name="Create Webdriver" owner="SeleniumLibrary">
<msg time="2024-05-27T09:33:39.749195" level="INFO">Creating an instance of the Chrome WebDriver.</msg>
<arg>Chrome</arg>
<doc>Creates an instance of Selenium WebDriver.</doc>
<status status="PASS" start="2024-05-27T09:33:39.749195" elapsed="1.985685"/>
</kw>
<kw name="Go To" owner="SeleniumLibrary">
<msg time="2024-05-27T09:33:41.734880" level="INFO">Opening url 'https://demo.cyclos.org/ui/home'</msg>
<arg>${url}</arg>
<doc>Navigates the current browser window to the provided ``url``.</doc>
<status status="PASS" start="2024-05-27T09:33:41.734880" elapsed="3.178119"/>
</kw>
<kw name="Maximize Browser Window" owner="SeleniumLibrary">
<doc>Maximizes current browser window.</doc>
<status status="PASS" start="2024-05-27T09:33:44.912999" elapsed="0.042275"/>
</kw>
<kw name="Set Selenium Implicit Wait" owner="SeleniumLibrary">
<arg>5</arg>
<doc>Sets the implicit wait value used by Selenium.</doc>
<status status="PASS" start="2024-05-27T09:33:44.955274" elapsed="0.001759"/>
</kw>
<status status="PASS" start="2024-05-27T09:33:39.749195" elapsed="5.207838"/>
</kw>
<kw name="click the login button" owner="LoginResource">
<kw name="Click Element" owner="SeleniumLibrary">
<msg time="2024-05-27T09:33:44.961207" level="INFO">Clicking element 'xpath:(//div[text()=' Login '])[1]'.</msg>
<arg>${login_button}</arg>
<doc>Click the element identified by ``locator``.</doc>
<status status="PASS" start="2024-05-27T09:33:44.959458" elapsed="2.096073"/>
</kw>
<status status="PASS" start="2024-05-27T09:33:44.959458" elapsed="2.096073"/>
</kw>
<kw name="Fill the Login page" owner="LoginResource">
<kw name="Wait Until Element Is Visible" owner="SeleniumLibrary">
<arg>${username_locator}</arg>
<doc>Waits until the element ``locator`` is visible.</doc>
<status status="PASS" start="2024-05-27T09:33:47.055531" elapsed="0.041200"/>
</kw>
<kw name="Input Text" owner="SeleniumLibrary">
<msg time="2024-05-27T09:33:47.105176" level="INFO">Typing text 'Sanjay_stark' into text field 'xpath://input[@placeholder="User"]'.</msg>
<arg>${username_locator}</arg>
<arg>${username}</arg>
<doc>Types the given ``text`` into the text field identified by ``locator``.</doc>
<status status="PASS" start="2024-05-27T09:33:47.096731" elapsed="0.246984"/>
</kw>
<kw name="Input Text" owner="SeleniumLibrary">
<msg time="2024-05-27T09:33:47.343715" level="INFO">Typing text 'Sanjay' into text field 'xpath://input[@placeholder="Password"]'.</msg>
<arg>${password_locator}</arg>
<arg>${password}</arg>
<doc>Types the given ``text`` into the text field identified by ``locator``.</doc>
<status status="PASS" start="2024-05-27T09:33:47.343715" elapsed="0.302747"/>
</kw>
<kw name="Wait Until Element Is Visible" owner="SeleniumLibrary">
<arg>${submit_button}</arg>
<doc>Waits until the element ``locator`` is visible.</doc>
<status status="PASS" start="2024-05-27T09:33:47.646462" elapsed="0.038425"/>
</kw>
<kw name="Click Element" owner="SeleniumLibrary">
<msg time="2024-05-27T09:33:47.684887" level="INFO">Clicking element 'xpath://span[text()='Submit']'.</msg>
<arg>${submit_button}</arg>
<doc>Click the element identified by ``locator``.</doc>
<status status="PASS" start="2024-05-27T09:33:47.684887" elapsed="0.089387"/>
</kw>
<status status="PASS" start="2024-05-27T09:33:47.055531" elapsed="0.718743"/>
</kw>
<kw name="Click on the MarketPlace button" owner="HomeResource">
<kw name="Wait Until Element Is Visible" owner="SeleniumLibrary">
<arg>${marketplace}</arg>
<doc>Waits until the element ``locator`` is visible.</doc>
<status status="PASS" start="2024-05-27T09:33:47.775401" elapsed="0.697138"/>
</kw>
<kw name="Click Element" owner="SeleniumLibrary">
<msg time="2024-05-27T09:33:48.482077" level="INFO">Clicking element 'css:a[id="menu_marketplace"]'.</msg>
<arg>${marketplace}</arg>
<doc>Click the element identified by ``locator``.</doc>
<status status="PASS" start="2024-05-27T09:33:48.472539" elapsed="0.111395"/>
</kw>
<status status="PASS" start="2024-05-27T09:33:47.775401" elapsed="0.811535"/>
</kw>
<kw name="verify that the markerplace is open" owner="AdvertisementResource">
<kw name="Wait Until Element Is Visible" owner="SeleniumLibrary">
<arg>${market_title}</arg>
<doc>Waits until the element ``locator`` is visible.</doc>
<status status="PASS" start="2024-05-27T09:33:48.588349" elapsed="1.326690"/>
</kw>
<kw name="Element Text Should Be" owner="SeleniumLibrary">
<msg time="2024-05-27T09:33:49.917473" level="INFO">Verifying element 'xpath://div[@class="side-menu-icon"]//following-sibling::div' contains exact text 'Marketplace'.</msg>
<arg>${market_title}</arg>
<arg>Marketplace</arg>
<doc>Verifies that element ``locator`` contains exact the text ``expected``.</doc>
<status status="PASS" start="2024-05-27T09:33:49.917473" elapsed="0.039761"/>
</kw>
<status status="PASS" start="2024-05-27T09:33:48.586936" elapsed="1.371861"/>
</kw>
<kw name="Click on the advertisement page button" owner="AdvertisementResource">
<kw name="Wait Until Element Is Visible" owner="SeleniumLibrary">
<arg>${Advertisement}</arg>
<doc>Waits until the element ``locator`` is visible.</doc>
<status status="PASS" start="2024-05-27T09:33:49.960367" elapsed="0.032218"/>
</kw>
<kw name="Click Element" owner="SeleniumLibrary">
<msg time="2024-05-27T09:33:49.992585" level="INFO">Clicking element 'xpath://div[text()='Advertisements']'.</msg>
<arg>${Advertisement}</arg>
<doc>Click the element identified by ``locator``.</doc>
<status status="PASS" start="2024-05-27T09:33:49.992585" elapsed="0.147548"/>
</kw>
<status status="PASS" start="2024-05-27T09:33:49.958797" elapsed="0.182583"/>
</kw>
<kw name="Number of product displayed" owner="AdvertisementResource">
<kw name="Wait Until Page Contains Element" owner="SeleniumLibrary">
<arg>${Advertisement_content}</arg>
<doc>Waits until the element ``locator`` appears on the current page.</doc>
<status status="PASS" start="2024-05-27T09:33:50.141380" elapsed="0.937117"/>
</kw>
<kw name="Get WebElements" owner="SeleniumLibrary">
<msg time="2024-05-27T09:33:51.096337" level="INFO">${products} = [&lt;selenium.webdriver.remote.webelement.WebElement (session="d0b525052f20005be21dd6ff65fd7887", element="f.EB4E547CC657A47B67036837BACD17E8.d.1274874C455B883DE919D40D672F9C8E.e.82")&gt;, &lt;selenium.webdriv...</msg>
<var>${products}</var>
<arg>${Advertisement_content}</arg>
<doc>Returns a list of WebElement objects matching the ``locator``.</doc>
<status status="PASS" start="2024-05-27T09:33:51.078497" elapsed="0.017840"/>
</kw>
<kw name="Get Length" owner="BuiltIn">
<msg time="2024-05-27T09:33:51.096337" level="INFO">Length is 40.</msg>
<msg time="2024-05-27T09:33:51.097885" level="INFO">${product_count} = 40</msg>
<var>${product_count}</var>
<arg>${products}</arg>
<doc>Returns and logs the length of the given item as an integer.</doc>
<status status="PASS" start="2024-05-27T09:33:51.096337" elapsed="0.001548"/>
</kw>
<kw name="Log" owner="BuiltIn">
<msg time="2024-05-27T09:33:51.097885" level="INFO">Number of products displayed: 40</msg>
<arg>Number of products displayed: ${product_count}</arg>
<doc>Logs the given message with the given level.</doc>
<status status="PASS" start="2024-05-27T09:33:51.097885" elapsed="0.000000"/>
</kw>
<status status="PASS" start="2024-05-27T09:33:50.141380" elapsed="0.956505"/>
</kw>
<kw name="Close Browser Session" owner="GenericResource" type="TEARDOWN">
<kw name="Close Browser" owner="SeleniumLibrary">
<doc>Closes the current browser.</doc>
<status status="PASS" start="2024-05-27T09:33:51.097885" elapsed="2.311475"/>
</kw>
<status status="PASS" start="2024-05-27T09:33:51.097885" elapsed="2.311475"/>
</kw>
<tag>valid_keyword_search</tag>
<status status="PASS" start="2024-05-27T09:33:39.732462" elapsed="13.678972"/>
</test>
<doc>To validate Advertisement Functionality</doc>
<status status="PASS" start="2024-05-27T09:33:39.465182" elapsed="13.947362"/>
</suite>
<statistics>
<total>
<stat pass="1" fail="0" skip="0">All Tests</stat>
</total>
<tag>
<stat pass="1" fail="0" skip="0">valid_keyword_search</stat>
</tag>
<suite>
<stat pass="1" fail="0" skip="0" id="s1" name="Test Advertisement">Test Advertisement</stat>
</suite>
</statistics>
<errors>
</errors>
</robot>
