<?xml version="1.0" encoding="UTF-8"?>
<robot generator="Robot 7.0 (Python 3.12.2 on win32)" generated="2024-05-26T12:50:33.863579" rpa="false" schemaversion="5">
<suite id="s1" name="Test Payment To User" source="C:\Cyclos_project\PilotProject_Cyclos_Team1-2\TestCases\test_payment_to_user.robot">
<test id="s1-t1" name="To validate payment to user functionality with user to field is given blank" line="64">
<kw name="Open the Browser with URL" owner="GenericResource" type="SETUP">
<kw name="Create Webdriver" owner="SeleniumLibrary">
<msg time="2024-05-26T12:50:34.337044" level="INFO">Creating an instance of the Chrome WebDriver.</msg>
<arg>Chrome</arg>
<doc>Creates an instance of Selenium WebDriver.</doc>
<status status="PASS" start="2024-05-26T12:50:34.337044" elapsed="11.518789"/>
</kw>
<kw name="Go To" owner="SeleniumLibrary">
<msg time="2024-05-26T12:50:45.855833" level="INFO">Opening url 'https://demo.cyclos.org/ui/home'</msg>
<arg>${url}</arg>
<doc>Navigates the current browser window to the provided ``url``.</doc>
<status status="PASS" start="2024-05-26T12:50:45.855833" elapsed="3.363544"/>
</kw>
<kw name="Maximize Browser Window" owner="SeleniumLibrary">
<doc>Maximizes current browser window.</doc>
<status status="PASS" start="2024-05-26T12:50:49.219377" elapsed="0.057828"/>
</kw>
<kw name="Set Selenium Implicit Wait" owner="SeleniumLibrary">
<arg>5</arg>
<doc>Sets the implicit wait value used by Selenium.</doc>
<status status="PASS" start="2024-05-26T12:50:49.277205" elapsed="0.002506"/>
</kw>
<status status="PASS" start="2024-05-26T12:50:34.325013" elapsed="14.954698"/>
</kw>
<kw name="click the login button" owner="LoginResource">
<kw name="Click Element" owner="SeleniumLibrary">
<msg time="2024-05-26T12:50:49.279711" level="INFO">Clicking element 'xpath:(//div[text()=' Login '])[1]'.</msg>
<arg>${login_button}</arg>
<doc>Click the element identified by ``locator``.</doc>
<status status="PASS" start="2024-05-26T12:50:49.279711" elapsed="2.598599"/>
</kw>
<status status="PASS" start="2024-05-26T12:50:49.279711" elapsed="2.605459"/>
</kw>
<kw name="Fill the Login page" owner="LoginResource">
<kw name="Wait Until Element Is Visible" owner="SeleniumLibrary">
<arg>${username_locator}</arg>
<doc>Waits until the element ``locator`` is visible.</doc>
<status status="PASS" start="2024-05-26T12:50:51.886683" elapsed="0.073563"/>
</kw>
<kw name="Input Text" owner="SeleniumLibrary">
<msg time="2024-05-26T12:50:51.960246" level="INFO">Typing text 'Sanjay_stark' into text field 'xpath://input[@placeholder="User"]'.</msg>
<arg>${username_locator}</arg>
<arg>${username}</arg>
<doc>Types the given ``text`` into the text field identified by ``locator``.</doc>
<status status="PASS" start="2024-05-26T12:50:51.960246" elapsed="0.534108"/>
</kw>
<kw name="Input Text" owner="SeleniumLibrary">
<msg time="2024-05-26T12:50:52.494354" level="INFO">Typing text 'Sanjay' into text field 'xpath://input[@placeholder="Password"]'.</msg>
<arg>${password_locator}</arg>
<arg>${password}</arg>
<doc>Types the given ``text`` into the text field identified by ``locator``.</doc>
<status status="PASS" start="2024-05-26T12:50:52.494354" elapsed="0.736817"/>
</kw>
<kw name="Wait Until Element Is Visible" owner="SeleniumLibrary">
<arg>${submit_button}</arg>
<doc>Waits until the element ``locator`` is visible.</doc>
<status status="PASS" start="2024-05-26T12:50:53.231171" elapsed="0.089507"/>
</kw>
<kw name="Click Element" owner="SeleniumLibrary">
<msg time="2024-05-26T12:50:53.324630" level="INFO">Clicking element 'xpath://span[text()='Submit']'.</msg>
<arg>${submit_button}</arg>
<doc>Click the element identified by ``locator``.</doc>
<status status="PASS" start="2024-05-26T12:50:53.323358" elapsed="0.112478"/>
</kw>
<status status="PASS" start="2024-05-26T12:50:51.885170" elapsed="1.550666"/>
</kw>
<kw name="Click on the Banking button" owner="HomeResource">
<kw name="Wait Until Element Is Visible" owner="SeleniumLibrary">
<arg>${Banking}</arg>
<doc>Waits until the element ``locator`` is visible.</doc>
<status status="PASS" start="2024-05-26T12:50:53.436938" elapsed="0.968624"/>
</kw>
<kw name="Click Element" owner="SeleniumLibrary">
<msg time="2024-05-26T12:50:54.409865" level="INFO">Clicking element 'xpath://div[text()='Banking']'.</msg>
<arg>${Banking}</arg>
<doc>Click the element identified by ``locator``.</doc>
<status status="PASS" start="2024-05-26T12:50:54.405562" elapsed="0.136606"/>
</kw>
<status status="PASS" start="2024-05-26T12:50:53.436851" elapsed="1.106436"/>
</kw>
<kw name="verify the Banking page open" owner="PaymentUser">
<kw name="Wait Until Element Is Visible" owner="SeleniumLibrary">
<arg>${Banking_title}</arg>
<doc>Waits until the element ``locator`` is visible.</doc>
<status status="PASS" start="2024-05-26T12:50:54.545400" elapsed="1.979288"/>
</kw>
<kw name="Element Text Should Be" owner="SeleniumLibrary">
<msg time="2024-05-26T12:50:56.524688" level="INFO">Verifying element 'xpath://div[@class="side-menu-header"]//following-sibling::div' contains exact text 'Banking'.</msg>
<arg>${Banking_title}</arg>
<arg>Banking</arg>
<doc>Verifies that element ``locator`` contains exact the text ``expected``.</doc>
<status status="PASS" start="2024-05-26T12:50:56.524688" elapsed="0.033212"/>
</kw>
<status status="PASS" start="2024-05-26T12:50:54.543287" elapsed="2.014613"/>
</kw>
<kw name="Select the option payment to user" owner="PaymentUser">
<kw name="Wait Until Element Is Visible" owner="SeleniumLibrary">
<arg>${select_payment_to_user}</arg>
<doc>Waits until the element ``locator`` is visible.</doc>
<status status="PASS" start="2024-05-26T12:50:56.562921" elapsed="0.025887"/>
</kw>
<kw name="Click Element" owner="SeleniumLibrary">
<msg time="2024-05-26T12:50:56.588808" level="INFO">Clicking element 'xpath://div[text()="Payment to user"]'.</msg>
<arg>${select_payment_to_user}</arg>
<doc>Click the element identified by ``locator``.</doc>
<status status="PASS" start="2024-05-26T12:50:56.588808" elapsed="0.091839"/>
</kw>
<status status="PASS" start="2024-05-26T12:50:56.557900" elapsed="0.122747"/>
</kw>
<kw name="verify the payment to user page open" owner="PaymentUser">
<kw name="Element Text Should Be" owner="SeleniumLibrary">
<msg time="2024-05-26T12:50:56.680647" level="INFO">Verifying element 'xpath://div[@class="content-title d-flex"]//div' contains exact text 'Payment to user'.</msg>
<arg>${payment_user_title}</arg>
<arg>Payment to user</arg>
<doc>Verifies that element ``locator`` contains exact the text ``expected``.</doc>
<status status="PASS" start="2024-05-26T12:50:56.680647" elapsed="0.385196"/>
</kw>
<status status="PASS" start="2024-05-26T12:50:56.680647" elapsed="0.385196"/>
</kw>
<kw name="Enter the valid amount in the amount field" owner="PaymentUser">
<kw name="Input Text" owner="SeleniumLibrary">
<msg time="2024-05-26T12:50:57.072151" level="INFO">Typing text '2' into text field 'xpath://div[@class="input-group"]//input'.</msg>
<arg>${amount}</arg>
<arg>2</arg>
<doc>Types the given ``text`` into the text field identified by ``locator``.</doc>
<status status="PASS" start="2024-05-26T12:50:57.065843" elapsed="0.282566"/>
</kw>
<status status="PASS" start="2024-05-26T12:50:57.065843" elapsed="0.282566"/>
</kw>
<kw name="Click the next Button in payment page" owner="PaymentUser">
<kw name="Wait Until Element Is Visible" owner="SeleniumLibrary">
<arg>${next}</arg>
<doc>Waits until the element ``locator`` is visible.</doc>
<status status="PASS" start="2024-05-26T12:50:57.348409" elapsed="0.054935"/>
</kw>
<kw name="Click Element" owner="SeleniumLibrary">
<msg time="2024-05-26T12:50:57.403344" level="INFO">Clicking element 'xpath://span[text()='Next']'.</msg>
<arg>${next}</arg>
<doc>Click the element identified by ``locator``.</doc>
<status status="PASS" start="2024-05-26T12:50:57.403344" elapsed="0.101918"/>
</kw>
<status status="PASS" start="2024-05-26T12:50:57.348409" elapsed="0.156853"/>
</kw>
<kw name="verify the error message for user to field is given blank" owner="PaymentUser">
<kw name="Element Text Should Be" owner="SeleniumLibrary">
<msg time="2024-05-26T12:50:57.513276" level="INFO">Verifying element 'xpath:(//field-errors)[1]//div' contains exact text 'This field is required'.</msg>
<arg>${to_user_error_msg}</arg>
<arg>This field is required</arg>
<doc>Verifies that element ``locator`` contains exact the text ``expected``.</doc>
<status status="PASS" start="2024-05-26T12:50:57.505262" elapsed="0.037741"/>
</kw>
<status status="PASS" start="2024-05-26T12:50:57.505262" elapsed="0.037741"/>
</kw>
<kw name="Close Browser Session" owner="GenericResource" type="TEARDOWN">
<kw name="Close Browser" owner="SeleniumLibrary">
<doc>Closes the current browser.</doc>
<status status="PASS" start="2024-05-26T12:50:57.543003" elapsed="2.294386"/>
</kw>
<status status="PASS" start="2024-05-26T12:50:57.543003" elapsed="2.294386"/>
</kw>
<tag>Blank_user_fields</tag>
<status status="PASS" start="2024-05-26T12:50:34.325013" elapsed="25.512376"/>
</test>
<doc>To validate Banking - payment to user Functionality</doc>
<status status="PASS" start="2024-05-26T12:50:33.882223" elapsed="25.955974"/>
</suite>
<statistics>
<total>
<stat pass="1" fail="0" skip="0">All Tests</stat>
</total>
<tag>
<stat pass="1" fail="0" skip="0">Blank_user_fields</stat>
</tag>
<suite>
<stat pass="1" fail="0" skip="0" id="s1" name="Test Payment To User">Test Payment To User</stat>
</suite>
</statistics>
<errors>
</errors>
</robot>
