<?xml version="1.0" encoding="UTF-8"?>
<robot generator="Robot 7.0 (Python 3.12.2 on win32)" generated="2024-05-28T21:41:44.984516" rpa="false" schemaversion="5">
<suite id="s1" name="TestCases" source="C:\Cyclos_project\PilotProject_Cyclos_Team1-3\TestCases">
<suite id="s1-s1" name="test blankUserfields" source="C:\Cyclos_project\PilotProject_Cyclos_Team1-3\TestCases\test_blankUserfields.robot">
<test id="s1-s1-t1" name="To validate payment" line="17">
<kw name="Open the Browser with URL" owner="GenericResource" type="SETUP">
<kw name="Create Webdriver" owner="SeleniumLibrary">
<msg time="2024-05-28T21:41:46.643247" level="INFO">Creating an instance of the Chrome WebDriver.</msg>
<arg>${brower_name}</arg>
<doc>Creates an instance of Selenium WebDriver.</doc>
<status status="PASS" start="2024-05-28T21:41:46.643247" elapsed="3.338416"/>
</kw>
<kw name="Go To" owner="SeleniumLibrary">
<msg time="2024-05-28T21:41:49.981663" level="INFO">Opening url 'https://demo.cyclos.org/ui/home'</msg>
<arg>${url}</arg>
<doc>Navigates the current browser window to the provided ``url``.</doc>
<status status="PASS" start="2024-05-28T21:41:49.981663" elapsed="3.719552"/>
</kw>
<kw name="Maximize Browser Window" owner="SeleniumLibrary">
<doc>Maximizes current browser window.</doc>
<status status="PASS" start="2024-05-28T21:41:53.701411" elapsed="0.172747"/>
</kw>
<kw name="Set Selenium Implicit Wait" owner="SeleniumLibrary">
<arg>5</arg>
<doc>Sets the implicit wait value used by Selenium.</doc>
<status status="PASS" start="2024-05-28T21:41:53.874158" elapsed="0.000000"/>
</kw>
<status status="PASS" start="2024-05-28T21:41:46.643247" elapsed="7.230911"/>
</kw>
<kw name="To validate payment to user functionality with user to field is given blank">
<kw name="Go to Login Page" owner="HomeResource">
<kw name="Sleep" owner="BuiltIn">
<msg time="2024-05-28T21:41:58.885785" level="INFO">Slept 5 seconds.</msg>
<arg>5s</arg>
<doc>Pauses the test executed for the given time.</doc>
<status status="PASS" start="2024-05-28T21:41:53.878905" elapsed="5.006880"/>
</kw>
<kw name="Click Element" owner="SeleniumLibrary">
<msg time="2024-05-28T21:41:58.886838" level="INFO">Clicking element 'xpath:(//div[@class="ml-2"])[3]'.</msg>
<arg>${login_btn}</arg>
<doc>Click the element identified by ``locator``.</doc>
<status status="PASS" start="2024-05-28T21:41:58.885785" elapsed="0.240116"/>
</kw>
<status status="PASS" start="2024-05-28T21:41:53.878905" elapsed="5.250541"/>
</kw>
<kw name="Fill the login form" owner="LoginResource">
<kw name="Input Text" owner="SeleniumLibrary">
<msg time="2024-05-28T21:41:59.132467" level="INFO">Typing text 'Sanjay_stark' into text field 'css:input[placeholder="User"]'.</msg>
<arg>${username}</arg>
<arg>${user}</arg>
<doc>Types the given ``text`` into the text field identified by ``locator``.</doc>
<status status="PASS" start="2024-05-28T21:41:59.132467" elapsed="0.389967"/>
</kw>
<kw name="Input Password" owner="SeleniumLibrary">
<msg time="2024-05-28T21:41:59.525984" level="INFO">Typing password into text field 'css:input[placeholder="Password"]'.</msg>
<msg time="2024-05-28T21:41:59.837138" level="INFO">Temporally setting log level to: NONE</msg>
<arg>${password}</arg>
<arg>${pass}</arg>
<doc>Types the given password into the text field identified by ``locator``.</doc>
<status status="PASS" start="2024-05-28T21:41:59.522434" elapsed="0.531457"/>
</kw>
<arg>Sanjay_stark</arg>
<arg>Sanjay</arg>
<status status="PASS" start="2024-05-28T21:41:59.129446" elapsed="0.924445"/>
</kw>
<kw name="click the login button" owner="LoginResource">
<kw name="Click Button" owner="SeleniumLibrary">
<msg time="2024-05-28T21:42:00.058507" level="INFO">Clicking button 'xpath://button[@class="btn d-flex justify-content-center align-items-center w-100 h-100 btn-primary btn-action-primary"]'.</msg>
<arg>${submit_btn}</arg>
<doc>Clicks the button identified by ``locator``.</doc>
<status status="PASS" start="2024-05-28T21:42:00.056956" elapsed="0.434444"/>
</kw>
<status status="PASS" start="2024-05-28T21:42:00.055928" elapsed="0.435472"/>
</kw>
<kw name="Click on the Banking button" owner="HomeResource">
<kw name="Wait Until Element Is Visible" owner="SeleniumLibrary">
<arg>${Banking}</arg>
<doc>Waits until the element ``locator`` is visible.</doc>
<status status="PASS" start="2024-05-28T21:42:00.494441" elapsed="2.343065"/>
</kw>
<kw name="Click Element" owner="SeleniumLibrary">
<msg time="2024-05-28T21:42:02.844843" level="INFO">Clicking element 'xpath://div[text()='Banking']'.</msg>
<arg>${Banking}</arg>
<doc>Click the element identified by ``locator``.</doc>
<status status="PASS" start="2024-05-28T21:42:02.837506" elapsed="0.123531"/>
</kw>
<status status="PASS" start="2024-05-28T21:42:00.491400" elapsed="2.469637"/>
</kw>
<kw name="verify the Banking page open" owner="PaymentUser">
<kw name="Wait Until Element Is Visible" owner="SeleniumLibrary">
<msg time="2024-05-28T21:42:08.372187" level="INFO" html="true">&lt;/td&gt;&lt;/tr&gt;&lt;tr&gt;&lt;td colspan="3"&gt;&lt;a href="selenium-screenshot-1.png"&gt;&lt;img src="selenium-screenshot-1.png" width="800px"&gt;&lt;/a&gt;</msg>
<msg time="2024-05-28T21:42:08.372187" level="FAIL">Element 'xpath://div[@class="side-menu-header"]//following-sibling::div' not visible after 5 seconds.</msg>
<arg>${Banking_title}</arg>
<doc>Waits until the element ``locator`` is visible.</doc>
<status status="FAIL" start="2024-05-28T21:42:02.964340" elapsed="5.407847">Element 'xpath://div[@class="side-menu-header"]//following-sibling::div' not visible after 5 seconds.</status>
</kw>
<kw name="Element Text Should Be" owner="SeleniumLibrary">
<arg>${Banking_title}</arg>
<arg>Banking</arg>
<doc>Verifies that element ``locator`` contains exact the text ``expected``.</doc>
<status status="NOT RUN" start="2024-05-28T21:42:08.376601" elapsed="0.000000"/>
</kw>
<status status="FAIL" start="2024-05-28T21:42:02.961037" elapsed="5.415564">Element 'xpath://div[@class="side-menu-header"]//following-sibling::div' not visible after 5 seconds.</status>
</kw>
<kw name="Select the option payment to user" owner="PaymentUser">
<status status="NOT RUN" start="2024-05-28T21:42:08.376601" elapsed="0.000000"/>
</kw>
<kw name="verify the payment to user page open" owner="PaymentUser">
<status status="NOT RUN" start="2024-05-28T21:42:08.376601" elapsed="0.001600"/>
</kw>
<kw name="Enter the valid amount in the amount field" owner="PaymentUser">
<arg>${amount_data}</arg>
<status status="NOT RUN" start="2024-05-28T21:42:08.378201" elapsed="0.000000"/>
</kw>
<kw name="Click the next Button in payment page" owner="PaymentUser">
<status status="NOT RUN" start="2024-05-28T21:42:08.378201" elapsed="0.000000"/>
</kw>
<kw name="verify the error message for user to field is given blank" owner="PaymentUser">
<status status="NOT RUN" start="2024-05-28T21:42:08.378201" elapsed="0.001121"/>
</kw>
<arg>amount_data=10</arg>
<tag>Smoke</tag>
<status status="FAIL" start="2024-05-28T21:41:53.877765" elapsed="14.501557">Element 'xpath://div[@class="side-menu-header"]//following-sibling::div' not visible after 5 seconds.</status>
</kw>
<kw name="Close Browser Session" owner="GenericResource" type="TEARDOWN">
<kw name="Close Browser" owner="SeleniumLibrary">
<doc>Closes the current browser.</doc>
<status status="PASS" start="2024-05-28T21:42:08.380216" elapsed="2.228898"/>
</kw>
<status status="PASS" start="2024-05-28T21:42:08.379322" elapsed="2.229792"/>
</kw>
<status status="FAIL" start="2024-05-28T21:41:46.643247" elapsed="23.966989">Element 'xpath://div[@class="side-menu-header"]//following-sibling::div' not visible after 5 seconds.</status>
</test>
<doc>To validate Banking - payment to user Functionality</doc>
<status status="FAIL" start="2024-05-28T21:41:45.046604" elapsed="25.565416"/>
</suite>
<status status="FAIL" start="2024-05-28T21:41:45.010246" elapsed="25.605233"/>
</suite>
<statistics>
<total>
<stat pass="0" fail="1" skip="0">All Tests</stat>
</total>
<tag>
</tag>
<suite>
<stat pass="0" fail="1" skip="0" id="s1" name="TestCases">TestCases</stat>
<stat pass="0" fail="1" skip="0" id="s1-s1" name="test blankUserfields">TestCases.test blankUserfields</stat>
</suite>
</statistics>
<errors>
</errors>
</robot>
