<?xml version="1.0" encoding="UTF-8"?>
<robot generator="Robot 7.0 (Python 3.12.2 on win32)" generated="2024-05-28T11:12:28.687095" rpa="false" schemaversion="5">
<suite id="s1" name="Test Advertisement" source="C:\Cyclos_project\PilotProject_Cyclos_Team1-3\TestCases\test_advertisement.robot">
<test id="s1-t1" name="Verify the advertisements functionality with dropdownlist order by Highest" line="84">
<kw name="Open the Browser with URL" owner="GenericResource" type="SETUP">
<kw name="Create Webdriver" owner="SeleniumLibrary">
<msg time="2024-05-28T11:12:29.105602" level="INFO">Creating an instance of the Chrome WebDriver.</msg>
<arg>${brower_name}</arg>
<doc>Creates an instance of Selenium WebDriver.</doc>
<status status="PASS" start="2024-05-28T11:12:29.105602" elapsed="4.621804"/>
</kw>
<kw name="Go To" owner="SeleniumLibrary">
<msg time="2024-05-28T11:12:33.727406" level="INFO">Opening url 'https://demo.cyclos.org/ui/home'</msg>
<arg>${url}</arg>
<doc>Navigates the current browser window to the provided ``url``.</doc>
<status status="PASS" start="2024-05-28T11:12:33.727406" elapsed="3.249918"/>
</kw>
<kw name="Maximize Browser Window" owner="SeleniumLibrary">
<doc>Maximizes current browser window.</doc>
<status status="PASS" start="2024-05-28T11:12:36.977324" elapsed="0.092398"/>
</kw>
<kw name="Set Selenium Implicit Wait" owner="SeleniumLibrary">
<arg>5</arg>
<doc>Sets the implicit wait value used by Selenium.</doc>
<status status="PASS" start="2024-05-28T11:12:37.071282" elapsed="0.008865"/>
</kw>
<status status="PASS" start="2024-05-28T11:12:29.105602" elapsed="7.974545"/>
</kw>
<kw name="Go to Login Page" owner="HomeResource">
<kw name="Sleep" owner="BuiltIn">
<msg time="2024-05-28T11:12:42.085171" level="INFO">Slept 5 seconds.</msg>
<arg>5s</arg>
<doc>Pauses the test executed for the given time.</doc>
<status status="PASS" start="2024-05-28T11:12:37.080147" elapsed="5.005024"/>
</kw>
<kw name="Click Element" owner="SeleniumLibrary">
<msg time="2024-05-28T11:12:42.092271" level="INFO">Clicking element 'xpath:(//div[@class="ml-2"])[3]'.</msg>
<arg>${login_btn}</arg>
<doc>Click the element identified by ``locator``.</doc>
<status status="PASS" start="2024-05-28T11:12:42.085171" elapsed="0.578950"/>
</kw>
<status status="PASS" start="2024-05-28T11:12:37.080147" elapsed="5.583974"/>
</kw>
<kw name="Fill the login form" owner="LoginResource">
<kw name="Input Text" owner="SeleniumLibrary">
<msg time="2024-05-28T11:12:42.672123" level="INFO">Typing text 'Sanjay_stark' into text field 'css:input[placeholder="User"]'.</msg>
<arg>${username}</arg>
<arg>${user}</arg>
<doc>Types the given ``text`` into the text field identified by ``locator``.</doc>
<status status="PASS" start="2024-05-28T11:12:42.672123" elapsed="0.994794"/>
</kw>
<kw name="Input Password" owner="SeleniumLibrary">
<msg time="2024-05-28T11:12:43.666917" level="INFO">Typing password into text field 'css:input[placeholder="Password"]'.</msg>
<msg time="2024-05-28T11:12:44.061423" level="INFO">Temporally setting log level to: NONE</msg>
<arg>${password}</arg>
<arg>${pass}</arg>
<doc>Types the given password into the text field identified by ``locator``.</doc>
<status status="PASS" start="2024-05-28T11:12:43.666917" elapsed="0.648718"/>
</kw>
<arg>Sanjay_stark</arg>
<arg>Sanjay</arg>
<status status="PASS" start="2024-05-28T11:12:42.664121" elapsed="1.651514"/>
</kw>
<kw name="click the login button" owner="LoginResource">
<kw name="Click Button" owner="SeleniumLibrary">
<msg time="2024-05-28T11:12:44.323665" level="INFO">Clicking button 'xpath://button[@class="btn d-flex justify-content-center align-items-center w-100 h-100 btn-primary btn-action-primary"]'.</msg>
<arg>${submit_btn}</arg>
<doc>Clicks the button identified by ``locator``.</doc>
<status status="PASS" start="2024-05-28T11:12:44.323665" elapsed="0.814255"/>
</kw>
<status status="PASS" start="2024-05-28T11:12:44.315635" elapsed="0.822285"/>
</kw>
<kw name="Click on the MarketPlace button" owner="HomeResource">
<kw name="Wait Until Element Is Visible" owner="SeleniumLibrary">
<arg>${Marketplace}</arg>
<doc>Waits until the element ``locator`` is visible.</doc>
<status status="PASS" start="2024-05-28T11:12:45.141768" elapsed="0.958217"/>
</kw>
<kw name="Click Element" owner="SeleniumLibrary">
<msg time="2024-05-28T11:12:46.099985" level="INFO">Clicking element 'xpath://div[text()="Marketplace"]'.</msg>
<arg>${Marketplace}</arg>
<doc>Click the element identified by ``locator``.</doc>
<status status="PASS" start="2024-05-28T11:12:46.099985" elapsed="0.222725"/>
</kw>
<status status="PASS" start="2024-05-28T11:12:45.140534" elapsed="1.182176"/>
</kw>
<kw name="Click on the advertisement page button" owner="AdvertisementResource">
<kw name="Wait Until Element Is Visible" owner="SeleniumLibrary">
<arg>${Advertisement}</arg>
<doc>Waits until the element ``locator`` is visible.</doc>
<status status="PASS" start="2024-05-28T11:12:46.322710" elapsed="2.119605"/>
</kw>
<kw name="Click Element" owner="SeleniumLibrary">
<msg time="2024-05-28T11:12:48.442315" level="INFO">Clicking element 'xpath://div[text()='Advertisements']'.</msg>
<arg>${Advertisement}</arg>
<doc>Click the element identified by ``locator``.</doc>
<status status="PASS" start="2024-05-28T11:12:48.442315" elapsed="0.374364"/>
</kw>
<status status="PASS" start="2024-05-28T11:12:46.322710" elapsed="2.493969"/>
</kw>
<kw name="Click the show advertisement button" owner="AdvertisementResource">
<kw name="Click Element" owner="SeleniumLibrary">
<msg time="2024-05-28T11:12:48.816679" level="INFO">Clicking element 'xpath://span[text()="Show advertisements"]'.</msg>
<arg>${show_advertisement}</arg>
<doc>Click the element identified by ``locator``.</doc>
<status status="PASS" start="2024-05-28T11:12:48.816679" elapsed="1.697942"/>
</kw>
<status status="PASS" start="2024-05-28T11:12:48.816679" elapsed="1.697942"/>
</kw>
<kw name="Click on the dropdown button Order by" owner="AdvertisementResource">
<kw name="Click Element" owner="SeleniumLibrary">
<msg time="2024-05-28T11:12:50.514621" level="INFO">Clicking element 'xpath://div[@class='w-100 mw-100 text-truncate pr-3']'.</msg>
<arg>${order_By}</arg>
<doc>Click the element identified by ``locator``.</doc>
<status status="PASS" start="2024-05-28T11:12:50.514621" elapsed="0.627972"/>
</kw>
<status status="PASS" start="2024-05-28T11:12:50.514621" elapsed="0.635490"/>
</kw>
<kw name="Select the option highest price" owner="AdvertisementResource">
<kw name="Click Element" owner="SeleniumLibrary">
<msg time="2024-05-28T11:12:51.150111" level="INFO">Clicking element 'xpath://div[@class="dropdown-menu show"]//a[4]'.</msg>
<arg>${highest_price}</arg>
<doc>Click the element identified by ``locator``.</doc>
<status status="PASS" start="2024-05-28T11:12:51.150111" elapsed="0.356082"/>
</kw>
<status status="PASS" start="2024-05-28T11:12:51.150111" elapsed="0.356082"/>
</kw>
<kw name="verify the highest price" owner="AdvertisementResource">
<kw name="Element Text Should Be" owner="SeleniumLibrary">
<msg time="2024-05-28T11:12:51.506193" level="INFO">Verifying element 'xpath://div[text()=" test1 "]' contains exact text 'test1'.</msg>
<arg>${highest_price_item}</arg>
<arg>test1</arg>
<doc>Verifies that element ``locator`` contains exact the text ``expected``.</doc>
<status status="PASS" start="2024-05-28T11:12:51.506193" elapsed="0.083114"/>
</kw>
<status status="PASS" start="2024-05-28T11:12:51.506193" elapsed="0.083114"/>
</kw>
<kw name="Close Browser Session" owner="GenericResource" type="TEARDOWN">
<kw name="Close Browser" owner="SeleniumLibrary">
<doc>Closes the current browser.</doc>
<status status="PASS" start="2024-05-28T11:12:51.595834" elapsed="3.015395"/>
</kw>
<status status="PASS" start="2024-05-28T11:12:51.595834" elapsed="3.015395"/>
</kw>
<tag>Smoke</tag>
<status status="PASS" start="2024-05-28T11:12:29.102293" elapsed="25.508936"/>
</test>
<doc>To validate Advertisement Functionality</doc>
<status status="PASS" start="2024-05-28T11:12:28.711829" elapsed="25.899400"/>
</suite>
<statistics>
<total>
<stat pass="1" fail="0" skip="0">All Tests</stat>
</total>
<tag>
<stat pass="1" fail="0" skip="0">Smoke</stat>
</tag>
<suite>
<stat pass="1" fail="0" skip="0" id="s1" name="Test Advertisement">Test Advertisement</stat>
</suite>
</statistics>
<errors>
</errors>
</robot>
