<?xml version="1.0" encoding="UTF-8"?>
<robot generator="Robot 7.0 (Python 3.12.2 on win32)" generated="2024-05-28T11:12:28.687095" rpa="false" schemaversion="5">
<suite id="s1" name="Test Advertisement" source="C:\Cyclos_project\PilotProject_Cyclos_Team1-3\TestCases\test_advertisement.robot">
<test id="s1-t1" name="verify the wishlist functionality" line="99">
<kw name="Open the Browser with URL" owner="GenericResource" type="SETUP">
<kw name="Create Webdriver" owner="SeleniumLibrary">
<msg time="2024-05-28T11:12:29.112139" level="INFO">Creating an instance of the Chrome WebDriver.</msg>
<arg>${brower_name}</arg>
<doc>Creates an instance of Selenium WebDriver.</doc>
<status status="PASS" start="2024-05-28T11:12:29.112139" elapsed="4.452885"/>
</kw>
<kw name="Go To" owner="SeleniumLibrary">
<msg time="2024-05-28T11:12:33.565024" level="INFO">Opening url 'https://demo.cyclos.org/ui/home'</msg>
<arg>${url}</arg>
<doc>Navigates the current browser window to the provided ``url``.</doc>
<status status="PASS" start="2024-05-28T11:12:33.565024" elapsed="3.228053"/>
</kw>
<kw name="Maximize Browser Window" owner="SeleniumLibrary">
<doc>Maximizes current browser window.</doc>
<status status="PASS" start="2024-05-28T11:12:36.793077" elapsed="0.092918"/>
</kw>
<kw name="Set Selenium Implicit Wait" owner="SeleniumLibrary">
<arg>5</arg>
<doc>Sets the implicit wait value used by Selenium.</doc>
<status status="PASS" start="2024-05-28T11:12:36.885995" elapsed="0.008218"/>
</kw>
<status status="PASS" start="2024-05-28T11:12:29.112139" elapsed="7.782074"/>
</kw>
<kw name="Go to Login Page" owner="HomeResource">
<kw name="Sleep" owner="BuiltIn">
<msg time="2024-05-28T11:12:41.895610" level="INFO">Slept 5 seconds.</msg>
<arg>5s</arg>
<doc>Pauses the test executed for the given time.</doc>
<status status="PASS" start="2024-05-28T11:12:36.894213" elapsed="5.001397"/>
</kw>
<kw name="Click Element" owner="SeleniumLibrary">
<msg time="2024-05-28T11:12:41.895610" level="INFO">Clicking element 'xpath:(//div[@class="ml-2"])[3]'.</msg>
<arg>${login_btn}</arg>
<doc>Click the element identified by ``locator``.</doc>
<status status="PASS" start="2024-05-28T11:12:41.895610" elapsed="1.355328"/>
</kw>
<status status="PASS" start="2024-05-28T11:12:36.894213" elapsed="6.356725"/>
</kw>
<kw name="Fill the login form" owner="LoginResource">
<kw name="Input Text" owner="SeleniumLibrary">
<msg time="2024-05-28T11:12:43.258967" level="INFO">Typing text 'Sanjay_stark' into text field 'css:input[placeholder="User"]'.</msg>
<arg>${username}</arg>
<arg>${user}</arg>
<doc>Types the given ``text`` into the text field identified by ``locator``.</doc>
<status status="PASS" start="2024-05-28T11:12:43.250938" elapsed="3.086517"/>
</kw>
<kw name="Input Password" owner="SeleniumLibrary">
<msg time="2024-05-28T11:12:46.346167" level="INFO">Typing password into text field 'css:input[placeholder="Password"]'.</msg>
<msg time="2024-05-28T11:12:46.680537" level="INFO">Temporally setting log level to: NONE</msg>
<arg>${password}</arg>
<arg>${pass}</arg>
<doc>Types the given password into the text field identified by ``locator``.</doc>
<status status="PASS" start="2024-05-28T11:12:46.339643" elapsed="0.619958"/>
</kw>
<arg>Sanjay_stark</arg>
<arg>Sanjay</arg>
<status status="PASS" start="2024-05-28T11:12:43.250938" elapsed="3.708663"/>
</kw>
<kw name="click the login button" owner="LoginResource">
<kw name="Click Button" owner="SeleniumLibrary">
<msg time="2024-05-28T11:12:46.967619" level="INFO">Clicking button 'xpath://button[@class="btn d-flex justify-content-center align-items-center w-100 h-100 btn-primary btn-action-primary"]'.</msg>
<arg>${submit_btn}</arg>
<doc>Clicks the button identified by ``locator``.</doc>
<status status="PASS" start="2024-05-28T11:12:46.959601" elapsed="0.302022"/>
</kw>
<status status="PASS" start="2024-05-28T11:12:46.959601" elapsed="0.302022"/>
</kw>
<kw name="Click on the MarketPlace button" owner="HomeResource">
<kw name="Wait Until Element Is Visible" owner="SeleniumLibrary">
<arg>${Marketplace}</arg>
<doc>Waits until the element ``locator`` is visible.</doc>
<status status="PASS" start="2024-05-28T11:12:47.264207" elapsed="1.552472"/>
</kw>
<kw name="Click Element" owner="SeleniumLibrary">
<msg time="2024-05-28T11:12:48.816679" level="INFO">Clicking element 'xpath://div[text()="Marketplace"]'.</msg>
<arg>${Marketplace}</arg>
<doc>Click the element identified by ``locator``.</doc>
<status status="PASS" start="2024-05-28T11:12:48.816679" elapsed="1.826959"/>
</kw>
<status status="PASS" start="2024-05-28T11:12:47.264207" elapsed="3.379431"/>
</kw>
<kw name="Click on the advertisement page button" owner="AdvertisementResource">
<kw name="Wait Until Element Is Visible" owner="SeleniumLibrary">
<arg>${Advertisement}</arg>
<doc>Waits until the element ``locator`` is visible.</doc>
<status status="PASS" start="2024-05-28T11:12:50.643638" elapsed="0.926769"/>
</kw>
<kw name="Click Element" owner="SeleniumLibrary">
<msg time="2024-05-28T11:12:51.578402" level="INFO">Clicking element 'xpath://div[text()='Advertisements']'.</msg>
<arg>${Advertisement}</arg>
<doc>Click the element identified by ``locator``.</doc>
<status status="PASS" start="2024-05-28T11:12:51.570407" elapsed="0.660765"/>
</kw>
<status status="PASS" start="2024-05-28T11:12:50.643638" elapsed="1.587534"/>
</kw>
<kw name="Select the favourite only checkbox" owner="AdvertisementResource">
<kw name="Click Element" owner="SeleniumLibrary">
<msg time="2024-05-28T11:12:52.234027" level="INFO">Clicking element 'xpath://label[@class="custom-control-label"]'.</msg>
<arg>${favourite_item}</arg>
<doc>Click the element identified by ``locator``.</doc>
<status status="PASS" start="2024-05-28T11:12:52.234027" elapsed="1.088843"/>
</kw>
<status status="PASS" start="2024-05-28T11:12:52.234027" elapsed="1.091684"/>
</kw>
<kw name="verify the favourite list contains favorite item" owner="AdvertisementResource">
<kw name="Element Text Should Be" owner="SeleniumLibrary">
<msg time="2024-05-28T11:12:53.325711" level="INFO">Verifying element 'xpath://div[text()=" Donuts "]' contains exact text 'Donuts'.</msg>
<arg>${donut}</arg>
<arg>Donuts</arg>
<doc>Verifies that element ``locator`` contains exact the text ``expected``.</doc>
<status status="PASS" start="2024-05-28T11:12:53.325711" elapsed="0.696539"/>
</kw>
<status status="PASS" start="2024-05-28T11:12:53.325711" elapsed="0.696539"/>
</kw>
<kw name="Close Browser Session" owner="GenericResource" type="TEARDOWN">
<kw name="Close Browser" owner="SeleniumLibrary">
<doc>Closes the current browser.</doc>
<status status="PASS" start="2024-05-28T11:12:54.023440" elapsed="2.383102"/>
</kw>
<status status="PASS" start="2024-05-28T11:12:54.022250" elapsed="2.384292"/>
</kw>
<tag>Regression</tag>
<tag>wish</tag>
<status status="PASS" start="2024-05-28T11:12:29.112139" elapsed="27.294403"/>
</test>
<doc>To validate Advertisement Functionality</doc>
<status status="PASS" start="2024-05-28T11:12:28.718030" elapsed="27.688512"/>
</suite>
<statistics>
<total>
<stat pass="1" fail="0" skip="0">All Tests</stat>
</total>
<tag>
<stat pass="1" fail="0" skip="0">Regression</stat>
<stat pass="1" fail="0" skip="0">wish</stat>
</tag>
<suite>
<stat pass="1" fail="0" skip="0" id="s1" name="Test Advertisement">Test Advertisement</stat>
</suite>
</statistics>
<errors>
</errors>
</robot>
