<?xml version="1.0" encoding="UTF-8"?>
<robot generator="Robot 7.0 (Python 3.12.2 on win32)" generated="2024-05-28T21:41:44.984516" rpa="false" schemaversion="5">
<suite id="s1" name="TestCases" source="C:\Cyclos_project\PilotProject_Cyclos_Team1-3\TestCases">
<suite id="s1-s1" name="Test Payment To User" source="C:\Cyclos_project\PilotProject_Cyclos_Team1-3\TestCases\test_payment_to_user.robot">
<test id="s1-s1-t1" name="To validate payment" line="20">
<kw name="Open the Browser with URL" owner="GenericResource" type="SETUP">
<kw name="Create Webdriver" owner="SeleniumLibrary">
<msg time="2024-05-28T21:41:46.705513" level="INFO">Creating an instance of the Chrome WebDriver.</msg>
<arg>${brower_name}</arg>
<doc>Creates an instance of Selenium WebDriver.</doc>
<status status="PASS" start="2024-05-28T21:41:46.705513" elapsed="4.545840"/>
</kw>
<kw name="Go To" owner="SeleniumLibrary">
<msg time="2024-05-28T21:41:51.251353" level="INFO">Opening url 'https://demo.cyclos.org/ui/home'</msg>
<arg>${url}</arg>
<doc>Navigates the current browser window to the provided ``url``.</doc>
<status status="PASS" start="2024-05-28T21:41:51.251353" elapsed="5.370634"/>
</kw>
<kw name="Maximize Browser Window" owner="SeleniumLibrary">
<doc>Maximizes current browser window.</doc>
<status status="PASS" start="2024-05-28T21:41:56.621987" elapsed="0.069339"/>
</kw>
<kw name="Set Selenium Implicit Wait" owner="SeleniumLibrary">
<arg>5</arg>
<doc>Sets the implicit wait value used by Selenium.</doc>
<status status="PASS" start="2024-05-28T21:41:56.691326" elapsed="0.004078"/>
</kw>
<status status="PASS" start="2024-05-28T21:41:46.704966" elapsed="9.990438"/>
</kw>
<kw name="To validate payment to user functionality with valid amount">
<kw name="Go to Login Page" owner="HomeResource">
<kw name="Sleep" owner="BuiltIn">
<msg time="2024-05-28T21:42:01.704021" level="INFO">Slept 5 seconds.</msg>
<arg>5s</arg>
<doc>Pauses the test executed for the given time.</doc>
<status status="PASS" start="2024-05-28T21:41:56.702862" elapsed="5.001159"/>
</kw>
<kw name="Click Element" owner="SeleniumLibrary">
<msg time="2024-05-28T21:42:01.707545" level="INFO">Clicking element 'xpath:(//div[@class="ml-2"])[3]'.</msg>
<arg>${login_btn}</arg>
<doc>Click the element identified by ``locator``.</doc>
<status status="PASS" start="2024-05-28T21:42:01.707545" elapsed="0.246031"/>
</kw>
<status status="PASS" start="2024-05-28T21:41:56.697601" elapsed="5.255975"/>
</kw>
<kw name="Fill the login form" owner="LoginResource">
<kw name="Input Text" owner="SeleniumLibrary">
<msg time="2024-05-28T21:42:01.953576" level="INFO">Typing text 'Sanjay_stark' into text field 'css:input[placeholder="User"]'.</msg>
<arg>${username}</arg>
<arg>${user}</arg>
<doc>Types the given ``text`` into the text field identified by ``locator``.</doc>
<status status="PASS" start="2024-05-28T21:42:01.953576" elapsed="0.506977"/>
</kw>
<kw name="Input Password" owner="SeleniumLibrary">
<msg time="2024-05-28T21:42:02.461634" level="INFO">Typing password into text field 'css:input[placeholder="Password"]'.</msg>
<msg time="2024-05-28T21:42:02.556156" level="INFO">Temporally setting log level to: NONE</msg>
<arg>${password}</arg>
<arg>${pass}</arg>
<doc>Types the given password into the text field identified by ``locator``.</doc>
<status status="PASS" start="2024-05-28T21:42:02.461058" elapsed="0.346760"/>
</kw>
<arg>Sanjay_stark</arg>
<arg>Sanjay</arg>
<status status="PASS" start="2024-05-28T21:42:01.953576" elapsed="0.854242"/>
</kw>
<kw name="click the login button" owner="LoginResource">
<kw name="Click Button" owner="SeleniumLibrary">
<msg time="2024-05-28T21:42:02.807818" level="INFO">Clicking button 'xpath://button[@class="btn d-flex justify-content-center align-items-center w-100 h-100 btn-primary btn-action-primary"]'.</msg>
<arg>${submit_btn}</arg>
<doc>Clicks the button identified by ``locator``.</doc>
<status status="PASS" start="2024-05-28T21:42:02.807818" elapsed="0.162858"/>
</kw>
<status status="PASS" start="2024-05-28T21:42:02.807818" elapsed="0.165714"/>
</kw>
<kw name="Click on the Banking button" owner="HomeResource">
<kw name="Wait Until Element Is Visible" owner="SeleniumLibrary">
<arg>${Banking}</arg>
<doc>Waits until the element ``locator`` is visible.</doc>
<status status="PASS" start="2024-05-28T21:42:02.973532" elapsed="3.669214"/>
</kw>
<kw name="Click Element" owner="SeleniumLibrary">
<msg time="2024-05-28T21:42:06.642746" level="INFO">Clicking element 'xpath://div[text()='Banking']'.</msg>
<arg>${Banking}</arg>
<doc>Click the element identified by ``locator``.</doc>
<status status="PASS" start="2024-05-28T21:42:06.642746" elapsed="0.074282"/>
</kw>
<status status="PASS" start="2024-05-28T21:42:02.973532" elapsed="3.743496"/>
</kw>
<kw name="verify the Banking page open" owner="PaymentUser">
<kw name="Wait Until Element Is Visible" owner="SeleniumLibrary">
<msg time="2024-05-28T21:42:12.133777" level="INFO" html="true">&lt;/td&gt;&lt;/tr&gt;&lt;tr&gt;&lt;td colspan="3"&gt;&lt;a href="selenium-screenshot-1.png"&gt;&lt;img src="selenium-screenshot-1.png" width="800px"&gt;&lt;/a&gt;</msg>
<msg time="2024-05-28T21:42:12.133777" level="FAIL">Element 'xpath://div[@class="side-menu-header"]//following-sibling::div' not visible after 5 seconds.</msg>
<arg>${Banking_title}</arg>
<doc>Waits until the element ``locator`` is visible.</doc>
<status status="FAIL" start="2024-05-28T21:42:06.718101" elapsed="5.415676">Element 'xpath://div[@class="side-menu-header"]//following-sibling::div' not visible after 5 seconds.</status>
</kw>
<kw name="Element Text Should Be" owner="SeleniumLibrary">
<arg>${Banking_title}</arg>
<arg>Banking</arg>
<doc>Verifies that element ``locator`` contains exact the text ``expected``.</doc>
<status status="NOT RUN" start="2024-05-28T21:42:12.133777" elapsed="0.008054"/>
</kw>
<status status="FAIL" start="2024-05-28T21:42:06.717028" elapsed="5.424803">Element 'xpath://div[@class="side-menu-header"]//following-sibling::div' not visible after 5 seconds.</status>
</kw>
<kw name="Select the option payment to user" owner="PaymentUser">
<status status="NOT RUN" start="2024-05-28T21:42:12.141831" elapsed="0.000000"/>
</kw>
<kw name="verify the payment to user page open" owner="PaymentUser">
<status status="NOT RUN" start="2024-05-28T21:42:12.141831" elapsed="0.000000"/>
</kw>
<kw name="Enter the username in the to user field" owner="PaymentUser">
<arg>${user_name}</arg>
<status status="NOT RUN" start="2024-05-28T21:42:12.141831" elapsed="0.000000"/>
</kw>
<kw name="Select the user" owner="PaymentUser">
<status status="NOT RUN" start="2024-05-28T21:42:12.141831" elapsed="0.000000"/>
</kw>
<kw name="Enter the valid amount in the amount field" owner="PaymentUser">
<arg>${amount_data}</arg>
<status status="NOT RUN" start="2024-05-28T21:42:12.141831" elapsed="0.000000"/>
</kw>
<kw name="Click the scheduling dropdown button" owner="PaymentUser">
<status status="NOT RUN" start="2024-05-28T21:42:12.141831" elapsed="0.000000"/>
</kw>
<kw name="Click the pay now option" owner="PaymentUser">
<status status="NOT RUN" start="2024-05-28T21:42:12.141831" elapsed="0.000000"/>
</kw>
<kw name="Click the next Button in payment page" owner="PaymentUser">
<status status="NOT RUN" start="2024-05-28T21:42:12.141831" elapsed="0.000000"/>
</kw>
<kw name="Click the confirm button in the payment page" owner="PaymentUser">
<status status="NOT RUN" start="2024-05-28T21:42:12.141831" elapsed="0.000000"/>
</kw>
<kw name="verify the succesfull payment notification" owner="PaymentUser">
<status status="NOT RUN" start="2024-05-28T21:42:12.141831" elapsed="0.000000"/>
</kw>
<arg>user_name=Dinesh_dk</arg>
<arg>amount_data=10</arg>
<tag>Smoke</tag>
<status status="FAIL" start="2024-05-28T21:41:56.697070" elapsed="15.444761">Element 'xpath://div[@class="side-menu-header"]//following-sibling::div' not visible after 5 seconds.</status>
</kw>
<kw name="Close Browser Session" owner="GenericResource" type="TEARDOWN">
<kw name="Close Browser" owner="SeleniumLibrary">
<doc>Closes the current browser.</doc>
<status status="PASS" start="2024-05-28T21:42:12.141831" elapsed="2.180744"/>
</kw>
<status status="PASS" start="2024-05-28T21:42:12.141831" elapsed="2.180744"/>
</kw>
<status status="FAIL" start="2024-05-28T21:41:46.694290" elapsed="27.628285">Element 'xpath://div[@class="side-menu-header"]//following-sibling::div' not visible after 5 seconds.</status>
</test>
<doc>To validate Banking - payment to user Functionality</doc>
<status status="FAIL" start="2024-05-28T21:41:45.039585" elapsed="29.286905"/>
</suite>
<status status="FAIL" start="2024-05-28T21:41:45.010246" elapsed="29.316244"/>
</suite>
<statistics>
<total>
<stat pass="0" fail="1" skip="0">All Tests</stat>
</total>
<tag>
</tag>
<suite>
<stat pass="0" fail="1" skip="0" id="s1" name="TestCases">TestCases</stat>
<stat pass="0" fail="1" skip="0" id="s1-s1" name="Test Payment To User">TestCases.Test Payment To User</stat>
</suite>
</statistics>
<errors>
</errors>
</robot>
