<?xml version="1.0" encoding="UTF-8"?>
<robot generator="Robot 7.0 (Python 3.12.2 on win32)" generated="2024-05-28T11:12:28.651804" rpa="false" schemaversion="5">
<suite id="s1" name="Test Advertisement" source="C:\Cyclos_project\PilotProject_Cyclos_Team1-3\TestCases\test_advertisement.robot">
<test id="s1-t1" name="Verify the advertisements functionality with dropdownlist order by Relevance" line="41">
<kw name="Open the Browser with URL" owner="GenericResource" type="SETUP">
<kw name="Create Webdriver" owner="SeleniumLibrary">
<msg time="2024-05-28T11:12:29.072360" level="INFO">Creating an instance of the Chrome WebDriver.</msg>
<arg>${brower_name}</arg>
<doc>Creates an instance of Selenium WebDriver.</doc>
<status status="PASS" start="2024-05-28T11:12:29.070990" elapsed="4.347984"/>
</kw>
<kw name="Go To" owner="SeleniumLibrary">
<msg time="2024-05-28T11:12:33.418974" level="INFO">Opening url 'https://demo.cyclos.org/ui/home'</msg>
<arg>${url}</arg>
<doc>Navigates the current browser window to the provided ``url``.</doc>
<status status="PASS" start="2024-05-28T11:12:33.418974" elapsed="3.218077"/>
</kw>
<kw name="Maximize Browser Window" owner="SeleniumLibrary">
<doc>Maximizes current browser window.</doc>
<status status="PASS" start="2024-05-28T11:12:36.637051" elapsed="0.089020"/>
</kw>
<kw name="Set Selenium Implicit Wait" owner="SeleniumLibrary">
<arg>5</arg>
<doc>Sets the implicit wait value used by Selenium.</doc>
<status status="PASS" start="2024-05-28T11:12:36.726071" elapsed="0.004761"/>
</kw>
<status status="PASS" start="2024-05-28T11:12:29.068912" elapsed="7.661920"/>
</kw>
<kw name="Go to Login Page" owner="HomeResource">
<kw name="Sleep" owner="BuiltIn">
<msg time="2024-05-28T11:12:41.732381" level="INFO">Slept 5 seconds.</msg>
<arg>5s</arg>
<doc>Pauses the test executed for the given time.</doc>
<status status="PASS" start="2024-05-28T11:12:36.730832" elapsed="5.001549"/>
</kw>
<kw name="Click Element" owner="SeleniumLibrary">
<msg time="2024-05-28T11:12:41.734425" level="INFO">Clicking element 'xpath:(//div[@class="ml-2"])[3]'.</msg>
<arg>${login_btn}</arg>
<doc>Click the element identified by ``locator``.</doc>
<status status="PASS" start="2024-05-28T11:12:41.732381" elapsed="0.812113"/>
</kw>
<status status="PASS" start="2024-05-28T11:12:36.730832" elapsed="5.813662"/>
</kw>
<kw name="Fill the login form" owner="LoginResource">
<kw name="Input Text" owner="SeleniumLibrary">
<msg time="2024-05-28T11:12:42.544494" level="INFO">Typing text 'Sanjay_stark' into text field 'css:input[placeholder="User"]'.</msg>
<arg>${username}</arg>
<arg>${user}</arg>
<doc>Types the given ``text`` into the text field identified by ``locator``.</doc>
<status status="PASS" start="2024-05-28T11:12:42.544494" elapsed="3.752399"/>
</kw>
<kw name="Input Password" owner="SeleniumLibrary">
<msg time="2024-05-28T11:12:46.296893" level="INFO">Typing password into text field 'css:input[placeholder="Password"]'.</msg>
<msg time="2024-05-28T11:12:46.753508" level="INFO">Temporally setting log level to: NONE</msg>
<arg>${password}</arg>
<arg>${pass}</arg>
<doc>Types the given password into the text field identified by ``locator``.</doc>
<status status="PASS" start="2024-05-28T11:12:46.296893" elapsed="0.967314"/>
</kw>
<arg>Sanjay_stark</arg>
<arg>Sanjay</arg>
<status status="PASS" start="2024-05-28T11:12:42.544494" elapsed="4.719713"/>
</kw>
<kw name="click the login button" owner="LoginResource">
<kw name="Click Button" owner="SeleniumLibrary">
<msg time="2024-05-28T11:12:47.266534" level="INFO">Clicking button 'xpath://button[@class="btn d-flex justify-content-center align-items-center w-100 h-100 btn-primary btn-action-primary"]'.</msg>
<arg>${submit_btn}</arg>
<doc>Clicks the button identified by ``locator``.</doc>
<status status="PASS" start="2024-05-28T11:12:47.265941" elapsed="2.469716"/>
</kw>
<status status="PASS" start="2024-05-28T11:12:47.264207" elapsed="2.471450"/>
</kw>
<kw name="Click on the MarketPlace button" owner="HomeResource">
<kw name="Wait Until Element Is Visible" owner="SeleniumLibrary">
<arg>${Marketplace}</arg>
<doc>Waits until the element ``locator`` is visible.</doc>
<status status="PASS" start="2024-05-28T11:12:49.738743" elapsed="1.112094"/>
</kw>
<kw name="Click Element" owner="SeleniumLibrary">
<msg time="2024-05-28T11:12:50.850837" level="INFO">Clicking element 'xpath://div[text()="Marketplace"]'.</msg>
<arg>${Marketplace}</arg>
<doc>Click the element identified by ``locator``.</doc>
<status status="PASS" start="2024-05-28T11:12:50.850837" elapsed="0.211705"/>
</kw>
<status status="PASS" start="2024-05-28T11:12:49.735657" elapsed="1.334885"/>
</kw>
<kw name="Click on the advertisement page button" owner="AdvertisementResource">
<kw name="Wait Until Element Is Visible" owner="SeleniumLibrary">
<arg>${Advertisement}</arg>
<doc>Waits until the element ``locator`` is visible.</doc>
<status status="PASS" start="2024-05-28T11:12:51.072510" elapsed="1.293913"/>
</kw>
<kw name="Click Element" owner="SeleniumLibrary">
<msg time="2024-05-28T11:12:52.367970" level="INFO">Clicking element 'xpath://div[text()='Advertisements']'.</msg>
<arg>${Advertisement}</arg>
<doc>Click the element identified by ``locator``.</doc>
<status status="PASS" start="2024-05-28T11:12:52.366423" elapsed="0.240720"/>
</kw>
<status status="PASS" start="2024-05-28T11:12:51.070542" elapsed="1.536601"/>
</kw>
<kw name="Click the show advertisement button" owner="AdvertisementResource">
<kw name="Click Element" owner="SeleniumLibrary">
<msg time="2024-05-28T11:12:52.609709" level="INFO">Clicking element 'xpath://span[text()="Show advertisements"]'.</msg>
<arg>${show_advertisement}</arg>
<doc>Click the element identified by ``locator``.</doc>
<status status="PASS" start="2024-05-28T11:12:52.608157" elapsed="0.757144"/>
</kw>
<status status="PASS" start="2024-05-28T11:12:52.608157" elapsed="0.757144"/>
</kw>
<kw name="Click on the dropdown button Order by" owner="AdvertisementResource">
<kw name="Click Element" owner="SeleniumLibrary">
<msg time="2024-05-28T11:12:53.365301" level="INFO">Clicking element 'xpath://div[@class='w-100 mw-100 text-truncate pr-3']'.</msg>
<arg>${order_By}</arg>
<doc>Click the element identified by ``locator``.</doc>
<status status="PASS" start="2024-05-28T11:12:53.365301" elapsed="0.084197"/>
</kw>
<status status="PASS" start="2024-05-28T11:12:53.365301" elapsed="0.084197"/>
</kw>
<kw name="Select the option relevance" owner="AdvertisementResource">
<kw name="Click Element" owner="SeleniumLibrary">
<msg time="2024-05-28T11:12:53.453529" level="INFO">Clicking element 'xpath://a[@class="select-option mt-1"]'.</msg>
<arg>${Relevance}</arg>
<doc>Click the element identified by ``locator``.</doc>
<status status="PASS" start="2024-05-28T11:12:53.453529" elapsed="0.106321"/>
</kw>
<status status="PASS" start="2024-05-28T11:12:53.453529" elapsed="0.106321"/>
</kw>
<kw name="verify relevance option" owner="AdvertisementResource">
<kw name="Wait Until Element Is Visible" owner="SeleniumLibrary">
<arg>${relevance_item}</arg>
<doc>Waits until the element ``locator`` is visible.</doc>
<status status="PASS" start="2024-05-28T11:12:53.559850" elapsed="0.236954"/>
</kw>
<kw name="Element Text Should Be" owner="SeleniumLibrary">
<msg time="2024-05-28T11:12:53.796804" level="INFO">Verifying element 'xpath:(//div[text()=" Orange "])[1]' contains exact text 'Orange'.</msg>
<arg>${relevance_item}</arg>
<arg>Orange</arg>
<doc>Verifies that element ``locator`` contains exact the text ``expected``.</doc>
<status status="PASS" start="2024-05-28T11:12:53.796804" elapsed="0.030534"/>
</kw>
<status status="PASS" start="2024-05-28T11:12:53.559850" elapsed="0.267488"/>
</kw>
<kw name="Close Browser Session" owner="GenericResource" type="TEARDOWN">
<kw name="Close Browser" owner="SeleniumLibrary">
<doc>Closes the current browser.</doc>
<status status="PASS" start="2024-05-28T11:12:53.827338" elapsed="2.250098"/>
</kw>
<status status="PASS" start="2024-05-28T11:12:53.827338" elapsed="2.250098"/>
</kw>
<tag>Smoke</tag>
<status status="PASS" start="2024-05-28T11:12:29.066078" elapsed="27.011358"/>
</test>
<doc>To validate Advertisement Functionality</doc>
<status status="PASS" start="2024-05-28T11:12:28.679485" elapsed="27.397951"/>
</suite>
<statistics>
<total>
<stat pass="1" fail="0" skip="0">All Tests</stat>
</total>
<tag>
<stat pass="1" fail="0" skip="0">Smoke</stat>
</tag>
<suite>
<stat pass="1" fail="0" skip="0" id="s1" name="Test Advertisement">Test Advertisement</stat>
</suite>
</statistics>
<errors>
</errors>
</robot>
