<?xml version="1.0" encoding="UTF-8"?>
<robot generator="Robot 7.0 (Python 3.12.2 on win32)" generated="2024-05-28T21:41:44.999704" rpa="false" schemaversion="5">
<suite id="s1" name="TestCases" source="C:\Cyclos_project\PilotProject_Cyclos_Team1-3\TestCases">
<suite id="s1-s1" name="Test Pay User Invalid" source="C:\Cyclos_project\PilotProject_Cyclos_Team1-3\TestCases\test_pay_user_invalid.robot">
<test id="s1-s1-t1" name="To validate payment" line="17">
<kw name="Open the Browser with URL" owner="GenericResource" type="SETUP">
<kw name="Create Webdriver" owner="SeleniumLibrary">
<msg time="2024-05-28T21:41:46.658900" level="INFO">Creating an instance of the Chrome WebDriver.</msg>
<arg>${brower_name}</arg>
<doc>Creates an instance of Selenium WebDriver.</doc>
<status status="PASS" start="2024-05-28T21:41:46.658900" elapsed="4.393636"/>
</kw>
<kw name="Go To" owner="SeleniumLibrary">
<msg time="2024-05-28T21:41:51.054361" level="INFO">Opening url 'https://demo.cyclos.org/ui/home'</msg>
<arg>${url}</arg>
<doc>Navigates the current browser window to the provided ``url``.</doc>
<status status="PASS" start="2024-05-28T21:41:51.052536" elapsed="4.932495"/>
</kw>
<kw name="Maximize Browser Window" owner="SeleniumLibrary">
<doc>Maximizes current browser window.</doc>
<status status="PASS" start="2024-05-28T21:41:55.985548" elapsed="0.089610"/>
</kw>
<kw name="Set Selenium Implicit Wait" owner="SeleniumLibrary">
<arg>5</arg>
<doc>Sets the implicit wait value used by Selenium.</doc>
<status status="PASS" start="2024-05-28T21:41:56.075158" elapsed="0.003916"/>
</kw>
<status status="PASS" start="2024-05-28T21:41:46.658900" elapsed="9.420174"/>
</kw>
<kw name="To validate payment to user functionality with invalid amount">
<kw name="Go to Login Page" owner="HomeResource">
<kw name="Sleep" owner="BuiltIn">
<msg time="2024-05-28T21:42:01.086074" level="INFO">Slept 5 seconds.</msg>
<arg>5s</arg>
<doc>Pauses the test executed for the given time.</doc>
<status status="PASS" start="2024-05-28T21:41:56.085638" elapsed="5.000436"/>
</kw>
<kw name="Click Element" owner="SeleniumLibrary">
<msg time="2024-05-28T21:42:01.089153" level="INFO">Clicking element 'xpath:(//div[@class="ml-2"])[3]'.</msg>
<arg>${login_btn}</arg>
<doc>Click the element identified by ``locator``.</doc>
<status status="PASS" start="2024-05-28T21:42:01.087111" elapsed="0.202242"/>
</kw>
<status status="PASS" start="2024-05-28T21:41:56.083053" elapsed="5.206300"/>
</kw>
<kw name="Fill the login form" owner="LoginResource">
<kw name="Input Text" owner="SeleniumLibrary">
<msg time="2024-05-28T21:42:01.289353" level="INFO">Typing text 'Sanjay_stark' into text field 'css:input[placeholder="User"]'.</msg>
<arg>${username}</arg>
<arg>${user}</arg>
<doc>Types the given ``text`` into the text field identified by ``locator``.</doc>
<status status="PASS" start="2024-05-28T21:42:01.289353" elapsed="0.352840"/>
</kw>
<kw name="Input Password" owner="SeleniumLibrary">
<msg time="2024-05-28T21:42:01.642193" level="INFO">Typing password into text field 'css:input[placeholder="Password"]'.</msg>
<msg time="2024-05-28T21:42:01.753751" level="INFO">Temporally setting log level to: NONE</msg>
<arg>${password}</arg>
<arg>${pass}</arg>
<doc>Types the given password into the text field identified by ``locator``.</doc>
<status status="PASS" start="2024-05-28T21:42:01.642193" elapsed="0.433883"/>
</kw>
<arg>Sanjay_stark</arg>
<arg>Sanjay</arg>
<status status="PASS" start="2024-05-28T21:42:01.289353" elapsed="0.786723"/>
</kw>
<kw name="click the login button" owner="LoginResource">
<kw name="Click Button" owner="SeleniumLibrary">
<msg time="2024-05-28T21:42:02.079382" level="INFO">Clicking button 'xpath://button[@class="btn d-flex justify-content-center align-items-center w-100 h-100 btn-primary btn-action-primary"]'.</msg>
<arg>${submit_btn}</arg>
<doc>Clicks the button identified by ``locator``.</doc>
<status status="PASS" start="2024-05-28T21:42:02.078870" elapsed="0.234864"/>
</kw>
<status status="PASS" start="2024-05-28T21:42:02.076076" elapsed="0.237658"/>
</kw>
<kw name="Click on the Banking button" owner="HomeResource">
<kw name="Wait Until Element Is Visible" owner="SeleniumLibrary">
<arg>${Banking}</arg>
<doc>Waits until the element ``locator`` is visible.</doc>
<status status="PASS" start="2024-05-28T21:42:02.318787" elapsed="3.448834"/>
</kw>
<kw name="Click Element" owner="SeleniumLibrary">
<msg time="2024-05-28T21:42:05.767621" level="INFO">Clicking element 'xpath://div[text()='Banking']'.</msg>
<arg>${Banking}</arg>
<doc>Click the element identified by ``locator``.</doc>
<status status="PASS" start="2024-05-28T21:42:05.767621" elapsed="0.102269"/>
</kw>
<status status="PASS" start="2024-05-28T21:42:02.313734" elapsed="3.556156"/>
</kw>
<kw name="verify the Banking page open" owner="PaymentUser">
<kw name="Wait Until Element Is Visible" owner="SeleniumLibrary">
<msg time="2024-05-28T21:42:11.268670" level="INFO" html="true">&lt;/td&gt;&lt;/tr&gt;&lt;tr&gt;&lt;td colspan="3"&gt;&lt;a href="selenium-screenshot-1.png"&gt;&lt;img src="selenium-screenshot-1.png" width="800px"&gt;&lt;/a&gt;</msg>
<msg time="2024-05-28T21:42:11.268670" level="FAIL">Element 'xpath://div[@class="side-menu-header"]//following-sibling::div' not visible after 5 seconds.</msg>
<arg>${Banking_title}</arg>
<doc>Waits until the element ``locator`` is visible.</doc>
<status status="FAIL" start="2024-05-28T21:42:05.869890" elapsed="5.401613">Element 'xpath://div[@class="side-menu-header"]//following-sibling::div' not visible after 5 seconds.</status>
</kw>
<kw name="Element Text Should Be" owner="SeleniumLibrary">
<arg>${Banking_title}</arg>
<arg>Banking</arg>
<doc>Verifies that element ``locator`` contains exact the text ``expected``.</doc>
<status status="NOT RUN" start="2024-05-28T21:42:11.271503" elapsed="0.000000"/>
</kw>
<status status="FAIL" start="2024-05-28T21:42:05.869890" elapsed="5.401613">Element 'xpath://div[@class="side-menu-header"]//following-sibling::div' not visible after 5 seconds.</status>
</kw>
<kw name="Select the option payment to user" owner="PaymentUser">
<status status="NOT RUN" start="2024-05-28T21:42:11.271503" elapsed="0.000000"/>
</kw>
<kw name="verify the payment to user page open" owner="PaymentUser">
<status status="NOT RUN" start="2024-05-28T21:42:11.271503" elapsed="0.000000"/>
</kw>
<kw name="Enter the username in the to user field" owner="PaymentUser">
<arg>${user_name}</arg>
<status status="NOT RUN" start="2024-05-28T21:42:11.271503" elapsed="0.000000"/>
</kw>
<kw name="Select the user" owner="PaymentUser">
<status status="NOT RUN" start="2024-05-28T21:42:11.271503" elapsed="0.000000"/>
</kw>
<kw name="Enter the valid amount in the amount field" owner="PaymentUser">
<arg>${exceeded_amount_data}</arg>
<status status="NOT RUN" start="2024-05-28T21:42:11.274597" elapsed="0.000000"/>
</kw>
<kw name="Sleep" owner="BuiltIn">
<arg>5</arg>
<doc>Pauses the test executed for the given time.</doc>
<status status="NOT RUN" start="2024-05-28T21:42:11.274597" elapsed="0.000000"/>
</kw>
<kw name="Click the next Button in payment page" owner="PaymentUser">
<status status="NOT RUN" start="2024-05-28T21:42:11.274597" elapsed="0.000000"/>
</kw>
<kw name="verify exceeded amount is entered" owner="PaymentUser">
<status status="NOT RUN" start="2024-05-28T21:42:11.274597" elapsed="0.000000"/>
</kw>
<arg>user_name=Dinesh dk</arg>
<arg>exceeded_amount_data=501</arg>
<tag>Smoke</tag>
<status status="FAIL" start="2024-05-28T21:41:56.082036" elapsed="15.192561">Element 'xpath://div[@class="side-menu-header"]//following-sibling::div' not visible after 5 seconds.</status>
</kw>
<kw name="Close Browser Session" owner="GenericResource" type="TEARDOWN">
<kw name="Close Browser" owner="SeleniumLibrary">
<doc>Closes the current browser.</doc>
<status status="PASS" start="2024-05-28T21:42:11.274597" elapsed="2.206205"/>
</kw>
<status status="PASS" start="2024-05-28T21:42:11.274597" elapsed="2.206205"/>
</kw>
<status status="FAIL" start="2024-05-28T21:41:46.658900" elapsed="26.821902">Element 'xpath://div[@class="side-menu-header"]//following-sibling::div' not visible after 5 seconds.</status>
</test>
<doc>To validate Banking - payment to user Functionality</doc>
<status status="FAIL" start="2024-05-28T21:41:45.046604" elapsed="28.434198"/>
</suite>
<status status="FAIL" start="2024-05-28T21:41:45.022826" elapsed="28.461168"/>
</suite>
<statistics>
<total>
<stat pass="0" fail="1" skip="0">All Tests</stat>
</total>
<tag>
</tag>
<suite>
<stat pass="0" fail="1" skip="0" id="s1" name="TestCases">TestCases</stat>
<stat pass="0" fail="1" skip="0" id="s1-s1" name="Test Pay User Invalid">TestCases.Test Pay User Invalid</stat>
</suite>
</statistics>
<errors>
</errors>
</robot>
