<?xml version="1.0" encoding="UTF-8"?>
<robot generator="Robot 7.0 (Python 3.12.2 on win32)" generated="2024-05-28T11:12:28.588152" rpa="false" schemaversion="5">
<suite id="s1" name="Test Advertisement" source="C:\Cyclos_project\PilotProject_Cyclos_Team1-3\TestCases\test_advertisement.robot">
<test id="s1-t1" name="verify that the Invalid keyword is entered in the keyword field" line="28">
<kw name="Open the Browser with URL" owner="GenericResource" type="SETUP">
<kw name="Create Webdriver" owner="SeleniumLibrary">
<msg time="2024-05-28T11:12:28.999055" level="INFO">Creating an instance of the Chrome WebDriver.</msg>
<arg>${brower_name}</arg>
<doc>Creates an instance of Selenium WebDriver.</doc>
<status status="PASS" start="2024-05-28T11:12:28.999055" elapsed="2.618311"/>
</kw>
<kw name="Go To" owner="SeleniumLibrary">
<msg time="2024-05-28T11:12:31.617366" level="INFO">Opening url 'https://demo.cyclos.org/ui/home'</msg>
<arg>${url}</arg>
<doc>Navigates the current browser window to the provided ``url``.</doc>
<status status="PASS" start="2024-05-28T11:12:31.617366" elapsed="3.428023"/>
</kw>
<kw name="Maximize Browser Window" owner="SeleniumLibrary">
<doc>Maximizes current browser window.</doc>
<status status="PASS" start="2024-05-28T11:12:35.045389" elapsed="0.185042"/>
</kw>
<kw name="Set Selenium Implicit Wait" owner="SeleniumLibrary">
<arg>5</arg>
<doc>Sets the implicit wait value used by Selenium.</doc>
<status status="PASS" start="2024-05-28T11:12:35.230431" elapsed="0.005395"/>
</kw>
<status status="PASS" start="2024-05-28T11:12:28.995901" elapsed="6.239925"/>
</kw>
<kw name="Go to Login Page" owner="HomeResource">
<kw name="Sleep" owner="BuiltIn">
<msg time="2024-05-28T11:12:40.242107" level="INFO">Slept 5 seconds.</msg>
<arg>5s</arg>
<doc>Pauses the test executed for the given time.</doc>
<status status="PASS" start="2024-05-28T11:12:35.241849" elapsed="5.000258"/>
</kw>
<kw name="Click Element" owner="SeleniumLibrary">
<msg time="2024-05-28T11:12:40.244816" level="INFO">Clicking element 'xpath:(//div[@class="ml-2"])[3]'.</msg>
<arg>${login_btn}</arg>
<doc>Click the element identified by ``locator``.</doc>
<status status="PASS" start="2024-05-28T11:12:40.242107" elapsed="0.302155"/>
</kw>
<status status="PASS" start="2024-05-28T11:12:35.235826" elapsed="5.312450"/>
</kw>
<kw name="Fill the login form" owner="LoginResource">
<kw name="Input Text" owner="SeleniumLibrary">
<msg time="2024-05-28T11:12:40.549317" level="INFO">Typing text 'Sanjay_stark' into text field 'css:input[placeholder="User"]'.</msg>
<arg>${username}</arg>
<arg>${user}</arg>
<doc>Types the given ``text`` into the text field identified by ``locator``.</doc>
<status status="PASS" start="2024-05-28T11:12:40.549317" elapsed="0.437238"/>
</kw>
<kw name="Input Password" owner="SeleniumLibrary">
<msg time="2024-05-28T11:12:40.988628" level="INFO">Typing password into text field 'css:input[placeholder="Password"]'.</msg>
<msg time="2024-05-28T11:12:41.107505" level="INFO">Temporally setting log level to: NONE</msg>
<arg>${password}</arg>
<arg>${pass}</arg>
<doc>Types the given password into the text field identified by ``locator``.</doc>
<status status="PASS" start="2024-05-28T11:12:40.988628" elapsed="0.295942"/>
</kw>
<arg>Sanjay_stark</arg>
<arg>Sanjay</arg>
<status status="PASS" start="2024-05-28T11:12:40.548276" elapsed="0.737818"/>
</kw>
<kw name="click the login button" owner="LoginResource">
<kw name="Click Button" owner="SeleniumLibrary">
<msg time="2024-05-28T11:12:41.287789" level="INFO">Clicking button 'xpath://button[@class="btn d-flex justify-content-center align-items-center w-100 h-100 btn-primary btn-action-primary"]'.</msg>
<arg>${submit_btn}</arg>
<doc>Clicks the button identified by ``locator``.</doc>
<status status="PASS" start="2024-05-28T11:12:41.286094" elapsed="0.145356"/>
</kw>
<status status="PASS" start="2024-05-28T11:12:41.286094" elapsed="0.149870"/>
</kw>
<kw name="Click on the MarketPlace button" owner="HomeResource">
<kw name="Wait Until Element Is Visible" owner="SeleniumLibrary">
<arg>${Marketplace}</arg>
<doc>Waits until the element ``locator`` is visible.</doc>
<status status="PASS" start="2024-05-28T11:12:41.437921" elapsed="1.058185"/>
</kw>
<kw name="Click Element" owner="SeleniumLibrary">
<msg time="2024-05-28T11:12:42.496106" level="INFO">Clicking element 'xpath://div[text()="Marketplace"]'.</msg>
<arg>${Marketplace}</arg>
<doc>Click the element identified by ``locator``.</doc>
<status status="PASS" start="2024-05-28T11:12:42.496106" elapsed="0.762861"/>
</kw>
<status status="PASS" start="2024-05-28T11:12:41.435964" elapsed="1.823003"/>
</kw>
<kw name="Click on the advertisement page button" owner="AdvertisementResource">
<kw name="Wait Until Element Is Visible" owner="SeleniumLibrary">
<arg>${Advertisement}</arg>
<doc>Waits until the element ``locator`` is visible.</doc>
<status status="PASS" start="2024-05-28T11:12:43.258967" elapsed="1.257906"/>
</kw>
<kw name="Click Element" owner="SeleniumLibrary">
<msg time="2024-05-28T11:12:44.516873" level="INFO">Clicking element 'xpath://div[text()='Advertisements']'.</msg>
<arg>${Advertisement}</arg>
<doc>Click the element identified by ``locator``.</doc>
<status status="PASS" start="2024-05-28T11:12:44.516873" elapsed="0.830248"/>
</kw>
<status status="PASS" start="2024-05-28T11:12:43.258967" elapsed="2.088154"/>
</kw>
<kw name="Sleep" owner="BuiltIn">
<msg time="2024-05-28T11:12:50.353694" level="INFO">Slept 5 seconds.</msg>
<arg>5</arg>
<doc>Pauses the test executed for the given time.</doc>
<status status="PASS" start="2024-05-28T11:12:45.350638" elapsed="5.003056"/>
</kw>
<kw name="Enter the invalid Keyword in the keyword box" owner="AdvertisementResource">
<kw name="Wait Until Element Is Visible" owner="SeleniumLibrary">
<arg>${keyword}</arg>
<doc>Waits until the element ``locator`` is visible.</doc>
<status status="PASS" start="2024-05-28T11:12:50.353694" elapsed="0.289944"/>
</kw>
<kw name="Input Text" owner="SeleniumLibrary">
<msg time="2024-05-28T11:12:50.643638" level="INFO">Typing text '@#$!' into text field 'xpath=(//div[@class='d-flex label-value-value']//input)[1]'.</msg>
<arg>${keyword}</arg>
<arg>@#$!</arg>
<doc>Types the given ``text`` into the text field identified by ``locator``.</doc>
<status status="PASS" start="2024-05-28T11:12:50.643638" elapsed="0.668508"/>
</kw>
<status status="PASS" start="2024-05-28T11:12:50.353694" elapsed="0.958452"/>
</kw>
<kw name="verify the invalid keyword error message is displayed" owner="AdvertisementResource">
<kw name="Wait Until Element Is Visible" owner="SeleniumLibrary">
<arg>${invalid_keyword_message}</arg>
<doc>Waits until the element ``locator`` is visible.</doc>
<status status="PASS" start="2024-05-28T11:12:51.320149" elapsed="2.123806"/>
</kw>
<kw name="Element Text Should Be" owner="SeleniumLibrary">
<msg time="2024-05-28T11:12:53.445969" level="INFO">Verifying element 'xpath://div[text()='Invalid keywords']' contains exact text 'Invalid keywords'.</msg>
<arg>${invalid_keyword_message}</arg>
<arg>Invalid keywords</arg>
<doc>Verifies that element ``locator`` contains exact the text ``expected``.</doc>
<status status="PASS" start="2024-05-28T11:12:53.443955" elapsed="0.034005"/>
</kw>
<status status="PASS" start="2024-05-28T11:12:51.320149" elapsed="2.159416"/>
</kw>
<kw name="Close Browser Session" owner="GenericResource" type="TEARDOWN">
<kw name="Close Browser" owner="SeleniumLibrary">
<doc>Closes the current browser.</doc>
<status status="PASS" start="2024-05-28T11:12:53.479565" elapsed="2.294012"/>
</kw>
<status status="PASS" start="2024-05-28T11:12:53.479565" elapsed="2.294012"/>
</kw>
<tag>Retest</tag>
<status status="PASS" start="2024-05-28T11:12:28.995901" elapsed="26.777676"/>
</test>
<doc>To validate Advertisement Functionality</doc>
<status status="PASS" start="2024-05-28T11:12:28.611787" elapsed="27.163237"/>
</suite>
<statistics>
<total>
<stat pass="1" fail="0" skip="0">All Tests</stat>
</total>
<tag>
<stat pass="1" fail="0" skip="0">Retest</stat>
</tag>
<suite>
<stat pass="1" fail="0" skip="0" id="s1" name="Test Advertisement">Test Advertisement</stat>
</suite>
</statistics>
<errors>
</errors>
</robot>
